<?xml version="1.0" encoding="UTF-8"?>
<testsuite name="CollectiveTest" tests="2" skipped="0" failures="0" errors="0" timestamp="2022-02-02T12:46:28" hostname="DESKTOP-44RH361" time="0.024">
  <properties/>
  <testcase name="checkAccuracyOfSumOfSquareNumbers()" classname="CollectiveTest" time="0.022"/>
  <testcase name="checkAccuracyOfSumOfNumbers()" classname="CollectiveTest" time="0.002"/>
  <system-out><![CDATA[5
Kenya
Hello
false
5
]]></system-out>
  <system-err><![CDATA[]]></system-err>
</testsuite>
